<?xml version="1.0" encoding="UTF-8"?>
<!-- Generated by org.testng.reporters.JUnitReportReporter -->
<testsuite hostname="LAPTOP-0VTA5OTU" failures="0" tests="2" name="PageObjects.Scenario1" time="2.903" errors="0" timestamp="2022-07-26T14:57:05 IST" skipped="0">
  <testcase classname="PageObjects.Scenario1" name="simpleFormDemo" time="1.688"/>
  <system-out/>
  <testcase classname="PageObjects.Scenario1" name="simpleFormDemo" time="1.215"/>
  <system-out/>
</testsuite> <!-- PageObjects.Scenario1 -->
